CRITICAL - 2023-12-04 09:56:57 --> Optional parameter $verbs declared before required parameter $to is implicitly treated as a required parameter
#0 C:\xampp\htdocs\codeigniter4-tutorials-postgresql-master\system\Autoloader\Autoloader.php(365): CodeIgniter\Debug\Exceptions->errorHandler(8192, 'Optional parame...', 'C:\\xampp\\htdocs...', 1017)
#1 C:\xampp\htdocs\codeigniter4-tutorials-postgresql-master\system\Autoloader\Autoloader.php(365): require_once()
#2 C:\xampp\htdocs\codeigniter4-tutorials-postgresql-master\system\Autoloader\Autoloader.php(296): CodeIgniter\Autoloader\Autoloader->requireFile('C:\\xampp\\htdocs...')
#3 C:\xampp\htdocs\codeigniter4-tutorials-postgresql-master\system\Autoloader\Autoloader.php(258): CodeIgniter\Autoloader\Autoloader->loadInNamespace('CodeIgniter\\Rou...')
#4 C:\xampp\htdocs\codeigniter4-tutorials-postgresql-master\system\Config\Services.php(699): CodeIgniter\Autoloader\Autoloader->loadClass('CodeIgniter\\Rou...')
#5 C:\xampp\htdocs\codeigniter4-tutorials-postgresql-master\system\Config\BaseService.php(123): CodeIgniter\Config\Services::routes(false)
#6 C:\xampp\htdocs\codeigniter4-tutorials-postgresql-master\system\Config\Services.php(696): CodeIgniter\Config\BaseService::getSharedInstance('routes')
#7 C:\xampp\htdocs\codeigniter4-tutorials-postgresql-master\app\Config\Routes.php(4): CodeIgniter\Config\Services::routes(true)
#8 C:\xampp\htdocs\codeigniter4-tutorials-postgresql-master\system\CodeIgniter.php(780): require('C:\\xampp\\htdocs...')
#9 C:\xampp\htdocs\codeigniter4-tutorials-postgresql-master\system\CodeIgniter.php(364): CodeIgniter\CodeIgniter->tryToRouteIt(NULL)
#10 C:\xampp\htdocs\codeigniter4-tutorials-postgresql-master\system\CodeIgniter.php(312): CodeIgniter\CodeIgniter->handleRequest(NULL, Object(Config\Cache), false)
#11 C:\xampp\htdocs\codeigniter4-tutorials-postgresql-master\index.php(46): CodeIgniter\CodeIgniter->run()
#12 {main}
CRITICAL - 2023-12-04 09:56:57 --> Uncaught ErrorException: Cannot modify header information - headers already sent by (output started at C:\xampp\htdocs\codeigniter4-tutorials-postgresql-master\app\Config\Events.php:33) in C:\xampp\htdocs\codeigniter4-tutorials-postgresql-master\system\Debug\Exceptions.php:164
Stack trace:
#0 [internal function]: CodeIgniter\Debug\Exceptions->errorHandler(2, 'Cannot modify h...', 'C:\\xampp\\htdocs...', 164)
#1 C:\xampp\htdocs\codeigniter4-tutorials-postgresql-master\system\Debug\Exceptions.php(164): header('HTTP/1.1 500 In...', true, 500)
#2 [internal function]: CodeIgniter\Debug\Exceptions->exceptionHandler(Object(ErrorException))
#3 {main}
  thrown
#0 [internal function]: CodeIgniter\Debug\Exceptions->shutdownHandler()
#1 {main}
